<?xml version="1.0" encoding="UTF-8"?>
<!-- Generated by org.testng.reporters.JUnitXMLReporter -->
<testsuite ignored="0" hostname="BLR1-LHP-N80971" failures="0" tests="6" name="Test" time="34.685" errors="0" timestamp="2023-07-11T14:37:41 IST">
  <testcase classname="com.Practice12.OrangeHrmLocation" name="Login" time="1.969"/>
  <testcase classname="com.Practice12.OrangeHrmLocation" name="AddLocation" time="9.104"/>
  <testcase classname="com.Practice12.DemoWebShop1" name="login" time="1.749"/>
  <testcase classname="com.Practice12.DemoWebShop1" name="product" time="1.59"/>
  <testcase classname="com.Practice12.DemoWebShop1" name="addToCart" time="4.463"/>
  <testcase classname="com.Practice12.DemoWebShop1" name="checkOut" time="3.882"/>
</testsuite> <!-- Test -->
