<?xml version="1.0" encoding="UTF-8"?>
<testng-results ignored="0" total="6" passed="6" failed="0" skipped="0">
  <reporter-output>
  </reporter-output>
  <suite started-at="2023-07-11T14:37:07 IST" name="Suite" finished-at="2023-07-11T14:37:41 IST" duration-ms="34685">
    <groups>
    </groups>
    <test started-at="2023-07-11T14:37:07 IST" name="Test" finished-at="2023-07-11T14:37:41 IST" duration-ms="34685">
      <class name="com.Practice12.DemoWebShop1">
        <test-method is-config="true" signature="launchBrowser()[pri:0, instance:com.Practice12.DemoWebShop1@3972a855]" started-at="2023-07-11T14:37:24 IST" name="launchBrowser" finished-at="2023-07-11T14:37:29 IST" duration-ms="5698" status="PASS">
          <reporter-output>
          </reporter-output>
        </test-method> <!-- launchBrowser -->
        <test-method signature="login()[pri:0, instance:com.Practice12.DemoWebShop1@3972a855]" started-at="2023-07-11T14:37:29 IST" name="login" finished-at="2023-07-11T14:37:31 IST" duration-ms="1749" status="PASS">
          <reporter-output>
          </reporter-output>
        </test-method> <!-- login -->
        <test-method signature="product()[pri:0, instance:com.Practice12.DemoWebShop1@3972a855]" started-at="2023-07-11T14:37:31 IST" name="product" finished-at="2023-07-11T14:37:33 IST" depends-on-methods="com.Practice12.DemoWebShop1.login" duration-ms="1590" status="PASS">
          <reporter-output>
          </reporter-output>
        </test-method> <!-- product -->
        <test-method signature="addToCart()[pri:0, instance:com.Practice12.DemoWebShop1@3972a855]" started-at="2023-07-11T14:37:33 IST" name="addToCart" finished-at="2023-07-11T14:37:37 IST" depends-on-methods="com.Practice12.DemoWebShop1.product" duration-ms="4463" status="PASS">
          <reporter-output>
          </reporter-output>
        </test-method> <!-- addToCart -->
        <test-method signature="checkOut()[pri:0, instance:com.Practice12.DemoWebShop1@3972a855]" started-at="2023-07-11T14:37:37 IST" name="checkOut" finished-at="2023-07-11T14:37:41 IST" depends-on-methods="com.Practice12.DemoWebShop1.addToCart" duration-ms="3882" status="PASS">
          <reporter-output>
          </reporter-output>
        </test-method> <!-- checkOut -->
        <test-method is-config="true" signature="afterClass()[pri:0, instance:com.Practice12.DemoWebShop1@3972a855]" started-at="2023-07-11T14:37:41 IST" name="afterClass" finished-at="2023-07-11T14:37:41 IST" duration-ms="195" status="PASS">
          <reporter-output>
          </reporter-output>
        </test-method> <!-- afterClass -->
      </class> <!-- com.Practice12.DemoWebShop1 -->
      <class name="com.Practice12.OrangeHrmLocation">
        <test-method is-config="true" signature="Setup()[pri:0, instance:com.Practice12.OrangeHrmLocation@4da4253]" started-at="2023-07-11T14:37:07 IST" name="Setup" finished-at="2023-07-11T14:37:12 IST" duration-ms="5841" status="PASS">
          <reporter-output>
          </reporter-output>
        </test-method> <!-- Setup -->
        <test-method signature="Login()[pri:0, instance:com.Practice12.OrangeHrmLocation@4da4253]" started-at="2023-07-11T14:37:12 IST" name="Login" finished-at="2023-07-11T14:37:14 IST" duration-ms="1969" status="PASS">
          <reporter-output>
          </reporter-output>
        </test-method> <!-- Login -->
        <test-method signature="AddLocation()[pri:0, instance:com.Practice12.OrangeHrmLocation@4da4253]" started-at="2023-07-11T14:37:14 IST" name="AddLocation" finished-at="2023-07-11T14:37:24 IST" depends-on-methods="com.Practice12.OrangeHrmLocation.Login" duration-ms="9104" status="PASS">
          <reporter-output>
          </reporter-output>
        </test-method> <!-- AddLocation -->
        <test-method is-config="true" signature="tearDown()[pri:0, instance:com.Practice12.OrangeHrmLocation@4da4253]" started-at="2023-07-11T14:37:24 IST" name="tearDown" finished-at="2023-07-11T14:37:24 IST" duration-ms="174" status="PASS">
          <reporter-output>
          </reporter-output>
        </test-method> <!-- tearDown -->
      </class> <!-- com.Practice12.OrangeHrmLocation -->
    </test> <!-- Test -->
  </suite> <!-- Suite -->
</testng-results>
